<?xml version="1.0" encoding="utf-8"?><testsuites name="pytest tests"><testsuite name="pytest" errors="0" failures="0" skipped="0" tests="111" time="20.498" timestamp="2025-10-04T22:22:10.866239+02:00" hostname="MacBook-Pro-2.local"><testcase classname="tests.test_performance.TestPerformanceAnalysis" name="test_book_service_performance" time="0.002" /><testcase classname="tests.test_performance.TestPerformanceAnalysis" name="test_search_performance" time="0.009" /><testcase classname="tests.test_performance.TestPerformanceAnalysis" name="test_validation_performance" time="0.042" /><testcase classname="tests.test_performance.TestPerformanceAnalysis" name="test_cart_operations_performance" time="0.005" /><testcase classname="tests.test_performance.TestPerformanceAnalysis" name="test_user_password_hashing_performance" time="18.667" /><testcase classname="tests.test_performance.TestPerformanceAnalysis" name="test_order_creation_performance" time="0.290" /><testcase classname="tests.test_performance.TestCProfileAnalysis" name="test_book_service_cprofile" time="0.004" /><testcase classname="tests.test_performance.TestCProfileAnalysis" name="test_validation_cprofile" time="0.007" /><testcase classname="tests.test_performance.TestCProfileAnalysis" name="test_cart_operations_cprofile" time="0.002" /><testcase classname="tests.test_performance.TestPerformanceOptimization" name="test_search_optimization_comparison" time="0.017" /><testcase classname="tests.test_performance.TestPerformanceOptimization" name="test_validation_optimization" time="0.080" /><testcase classname="tests.test_performance.TestPerformanceBenchmarks" name="test_benchmark_book_catalog_size" time="0.008" /><testcase classname="tests.test_performance.TestPerformanceBenchmarks" name="test_benchmark_concurrent_operations" time="0.004" /><testcase classname="tests.test_refactored_models.TestValidationUtils" name="test_normalize_email_valid" time="0.000" /><testcase classname="tests.test_refactored_models.TestValidationUtils" name="test_normalize_email_invalid" time="0.001" /><testcase classname="tests.test_refactored_models.TestValidationUtils" name="test_validate_email_valid" time="0.001" /><testcase classname="tests.test_refactored_models.TestValidationUtils" name="test_validate_email_invalid" time="0.001" /><testcase classname="tests.test_refactored_models.TestValidationUtils" name="test_validate_quantity_valid" time="0.000" /><testcase classname="tests.test_refactored_models.TestValidationUtils" name="test_validate_quantity_invalid" time="0.001" /><testcase classname="tests.test_refactored_models.TestValidationUtils" name="test_validate_quantity_allow_zero" time="0.001" /><testcase classname="tests.test_refactored_models.TestValidationUtils" name="test_normalize_discount_code" time="0.001" /><testcase classname="tests.test_refactored_models.TestValidationUtils" name="test_validate_card_number" time="0.001" /><testcase classname="tests.test_refactored_models.TestBook" name="test_book_creation_valid" time="0.001" /><testcase classname="tests.test_refactored_models.TestBook" name="test_book_creation_minimal" time="0.001" /><testcase classname="tests.test_refactored_models.TestBook" name="test_book_creation_invalid_title" time="0.001" /><testcase classname="tests.test_refactored_models.TestBook" name="test_book_creation_negative_price" time="0.001" /><testcase classname="tests.test_refactored_models.TestBook" name="test_book_formatted_price" time="0.001" /><testcase classname="tests.test_refactored_models.TestBook" name="test_book_to_dict" time="0.001" /><testcase classname="tests.test_refactored_models.TestCartItem" name="test_cart_item_creation" time="0.001" /><testcase classname="tests.test_refactored_models.TestCartItem" name="test_cart_item_total_price" time="0.000" /><testcase classname="tests.test_refactored_models.TestCartItem" name="test_cart_item_formatted_total" time="0.000" /><testcase classname="tests.test_refactored_models.TestCartItem" name="test_cart_item_update_quantity" time="0.001" /><testcase classname="tests.test_refactored_models.TestCartItem" name="test_cart_item_update_quantity_invalid" time="0.001" /><testcase classname="tests.test_refactored_models.TestCartItem" name="test_cart_item_to_dict" time="0.001" /><testcase classname="tests.test_refactored_models.TestCart" name="test_cart_creation" time="0.001" /><testcase classname="tests.test_refactored_models.TestCart" name="test_cart_add_book" time="0.001" /><testcase classname="tests.test_refactored_models.TestCart" name="test_cart_add_existing_book" time="0.001" /><testcase classname="tests.test_refactored_models.TestCart" name="test_cart_remove_book" time="0.001" /><testcase classname="tests.test_refactored_models.TestCart" name="test_cart_update_quantity" time="0.001" /><testcase classname="tests.test_refactored_models.TestCart" name="test_cart_update_quantity_zero" time="0.001" /><testcase classname="tests.test_refactored_models.TestCart" name="test_cart_clear" time="0.001" /><testcase classname="tests.test_refactored_models.TestCart" name="test_cart_formatted_total" time="0.001" /><testcase classname="tests.test_refactored_models.TestCart" name="test_cart_to_dict" time="0.001" /><testcase classname="tests.test_refactored_models.TestUser" name="test_user_creation" time="0.076" /><testcase classname="tests.test_refactored_models.TestUser" name="test_user_email_normalization" time="0.074" /><testcase classname="tests.test_refactored_models.TestUser" name="test_user_password_verification" time="0.203" /><testcase classname="tests.test_refactored_models.TestUser" name="test_user_change_password" time="0.247" /><testcase classname="tests.test_refactored_models.TestUser" name="test_user_password_validation" time="0.001" /><testcase classname="tests.test_refactored_models.TestUser" name="test_user_add_order" time="0.069" /><testcase classname="tests.test_refactored_models.TestUser" name="test_user_get_order_history" time="0.076" /><testcase classname="tests.test_refactored_models.TestUser" name="test_user_to_dict" time="0.076" /><testcase classname="tests.test_refactored_models.TestOrder" name="test_order_creation_new_signature" time="0.001" /><testcase classname="tests.test_refactored_models.TestOrder" name="test_order_creation_legacy_signature" time="0.001" /><testcase classname="tests.test_refactored_models.TestOrder" name="test_order_creation_invalid_total" time="0.001" /><testcase classname="tests.test_refactored_models.TestOrder" name="test_order_creation_empty_items" time="0.000" /><testcase classname="tests.test_refactored_models.TestOrder" name="test_order_formatted_total" time="0.000" /><testcase classname="tests.test_refactored_models.TestOrder" name="test_order_item_count" time="0.001" /><testcase classname="tests.test_refactored_models.TestOrder" name="test_order_update_status" time="0.001" /><testcase classname="tests.test_refactored_models.TestOrder" name="test_order_update_status_invalid" time="0.001" /><testcase classname="tests.test_refactored_models.TestOrder" name="test_order_to_dict" time="0.001" /><testcase classname="tests.test_refactored_models.TestPaymentGateway" name="test_process_payment_credit_card_success" time="0.001" /><testcase classname="tests.test_refactored_models.TestPaymentGateway" name="test_process_payment_credit_card_failure" time="0.001" /><testcase classname="tests.test_refactored_models.TestPaymentGateway" name="test_process_payment_missing_fields" time="0.000" /><testcase classname="tests.test_refactored_models.TestPaymentGateway" name="test_process_payment_invalid_card_format" time="0.000" /><testcase classname="tests.test_refactored_models.TestPaymentGateway" name="test_process_payment_paypal_success" time="0.001" /><testcase classname="tests.test_refactored_models.TestPaymentGateway" name="test_process_payment_paypal_missing_email" time="0.001" /><testcase classname="tests.test_refactored_models.TestPaymentGateway" name="test_process_payment_paypal_invalid_email" time="0.001" /><testcase classname="tests.test_refactored_models.TestPaymentGateway" name="test_process_payment_invalid_method" time="0.001" /><testcase classname="tests.test_refactored_models.TestEmailService" name="test_send_order_confirmation_valid_email" time="0.001" /><testcase classname="tests.test_refactored_models.TestEmailService" name="test_send_order_confirmation_invalid_email" time="0.001" /><testcase classname="tests.test_refactored_services.TestBookService" name="test_get_all_books" time="0.001" /><testcase classname="tests.test_refactored_services.TestBookService" name="test_get_book_by_title_existing" time="0.001" /><testcase classname="tests.test_refactored_services.TestBookService" name="test_get_book_by_title_nonexistent" time="0.001" /><testcase classname="tests.test_refactored_services.TestBookService" name="test_search_books_by_title" time="0.001" /><testcase classname="tests.test_refactored_services.TestBookService" name="test_search_books_by_author" time="0.000" /><testcase classname="tests.test_refactored_services.TestBookService" name="test_search_books_by_category" time="0.000" /><testcase classname="tests.test_refactored_services.TestBookService" name="test_search_books_case_insensitive" time="0.001" /><testcase classname="tests.test_refactored_services.TestBookService" name="test_search_books_no_results" time="0.001" /><testcase classname="tests.test_refactored_services.TestCartService" name="test_add_to_cart_success" time="0.001" /><testcase classname="tests.test_refactored_services.TestCartService" name="test_add_to_cart_book_not_found" time="0.000" /><testcase classname="tests.test_refactored_services.TestCartService" name="test_add_to_cart_invalid_quantity" time="0.000" /><testcase classname="tests.test_refactored_services.TestCartService" name="test_update_cart_item_success" time="0.001" /><testcase classname="tests.test_refactored_services.TestCartService" name="test_update_cart_item_remove" time="0.001" /><testcase classname="tests.test_refactored_services.TestCartService" name="test_update_cart_item_invalid_quantity" time="0.001" /><testcase classname="tests.test_refactored_services.TestCartService" name="test_remove_from_cart" time="0.001" /><testcase classname="tests.test_refactored_services.TestCartService" name="test_clear_cart" time="0.001" /><testcase classname="tests.test_refactored_services.TestUserService" name="test_register_user_success" time="0.077" /><testcase classname="tests.test_refactored_services.TestUserService" name="test_register_user_invalid_email" time="0.001" /><testcase classname="tests.test_refactored_services.TestUserService" name="test_register_user_missing_fields" time="0.001" /><testcase classname="tests.test_refactored_services.TestUserService" name="test_register_user_duplicate_email" time="0.001" /><testcase classname="tests.test_refactored_services.TestUserService" name="test_authenticate_user_success" time="0.076" /><testcase classname="tests.test_refactored_services.TestUserService" name="test_authenticate_user_not_found" time="0.001" /><testcase classname="tests.test_refactored_services.TestUserService" name="test_authenticate_user_wrong_password" time="0.077" /><testcase classname="tests.test_refactored_services.TestOrderService" name="test_calculate_discount_save10" time="0.000" /><testcase classname="tests.test_refactored_services.TestOrderService" name="test_calculate_discount_welcome20" time="0.000" /><testcase classname="tests.test_refactored_services.TestOrderService" name="test_calculate_discount_invalid_code" time="0.001" /><testcase classname="tests.test_refactored_services.TestOrderService" name="test_calculate_discount_empty_code" time="0.001" /><testcase classname="tests.test_refactored_services.TestOrderService" name="test_create_order_success" time="0.001" /><testcase classname="tests.test_refactored_services.TestOrderService" name="test_get_order_by_id_existing" time="0.001" /><testcase classname="tests.test_refactored_services.TestOrderService" name="test_get_order_by_id_nonexistent" time="0.001" /><testcase classname="tests.test_refactored_services.TestPaymentService" name="test_validate_payment_info_credit_card_success" time="0.001" /><testcase classname="tests.test_refactored_services.TestPaymentService" name="test_validate_payment_info_credit_card_missing_fields" time="0.000" /><testcase classname="tests.test_refactored_services.TestPaymentService" name="test_validate_payment_info_credit_card_invalid_format" time="0.001" /><testcase classname="tests.test_refactored_services.TestPaymentService" name="test_validate_payment_info_paypal_success" time="0.001" /><testcase classname="tests.test_refactored_services.TestPaymentService" name="test_validate_payment_info_paypal_missing_email" time="0.001" /><testcase classname="tests.test_refactored_services.TestPaymentService" name="test_validate_payment_info_paypal_invalid_email" time="0.001" /><testcase classname="tests.test_refactored_services.TestPaymentService" name="test_validate_payment_info_invalid_method" time="0.001" /><testcase classname="tests.test_refactored_services.TestEmailService" name="test_send_order_confirmation_success" time="0.001" /><testcase classname="tests.test_refactored_services.TestEmailService" name="test_send_order_confirmation_invalid_email" time="0.001" /><testcase classname="tests.test_refactored_services.TestServiceResult" name="test_service_result_success" time="0.001" /><testcase classname="tests.test_refactored_services.TestServiceResult" name="test_service_result_failure" time="0.001" /></testsuite></testsuites>